

*******************************************************************************
Sun Apr 23 18:00:13 2023


FIT:    data read from 'tiempos.dat'
        format = z
        #datapoints = 20
        residuals are weighted equally (unit weight)

function used for fitting: f(x)
	f(x) = a2*x*x + a1*x + a0
fitted parameters initialized with current variable values

iter      chisq       delta/lim  lambda   a2            a1            a0           
   0 1.1631804715e+11   0.00e+00  4.39e+04    1.000000e+00   1.000000e+00   1.000000e+00
   8 1.1070055188e+01  -1.81e-04  4.39e-04    1.985671e-04  -4.712777e-02   2.112500e+00

After 8 iterations the fit converged.
final sum of squares of residuals : 11.0701
rel. change during last iteration : -1.8107e-09

degrees of freedom    (FIT_NDF)                        : 17
rms of residuals      (FIT_STDFIT) = sqrt(WSSR/ndf)    : 0.806957
variance of residuals (reduced chisquare) = WSSR/ndf   : 0.65118

Final set of parameters            Asymptotic Standard Error
=======================            ==========================
a2              = 0.000198567      +/- 1.523e-05    (7.668%)
a1              = -0.0471278       +/- 0.006583     (13.97%)
a0              = 2.1125           +/- 0.6004       (28.42%)

correlation matrix of the fit parameters:
                a2     a1     a0     
a2              1.000 
a1             -0.971  1.000 
a0              0.781 -0.889  1.000 


*******************************************************************************
Sun Apr 23 18:00:25 2023


FIT:    data read from 'tiempos.dat'
        format = z
        #datapoints = 20
        residuals are weighted equally (unit weight)

function used for fitting: f(x)
	f(x) = a2*x*x + a1*x + a0
fitted parameters initialized with current variable values

iter      chisq       delta/lim  lambda   a2            a1            a0           
   0 1.1631804715e+11   0.00e+00  4.39e+04    1.000000e+00   1.000000e+00   1.000000e+00
   8 1.1070055188e+01  -1.81e-04  4.39e-04    1.985671e-04  -4.712777e-02   2.112500e+00

After 8 iterations the fit converged.
final sum of squares of residuals : 11.0701
rel. change during last iteration : -1.8107e-09

degrees of freedom    (FIT_NDF)                        : 17
rms of residuals      (FIT_STDFIT) = sqrt(WSSR/ndf)    : 0.806957
variance of residuals (reduced chisquare) = WSSR/ndf   : 0.65118

Final set of parameters            Asymptotic Standard Error
=======================            ==========================
a2              = 0.000198567      +/- 1.523e-05    (7.668%)
a1              = -0.0471278       +/- 0.006583     (13.97%)
a0              = 2.1125           +/- 0.6004       (28.42%)

correlation matrix of the fit parameters:
                a2     a1     a0     
a2              1.000 
a1             -0.971  1.000 
a0              0.781 -0.889  1.000 


*******************************************************************************
Sun Apr 23 18:01:58 2023


FIT:    data read from 'tiempos.dat'
        format = z
        #datapoints = 20
        residuals are weighted equally (unit weight)

function used for fitting: f(x)
	f(x) = a2*x*x + a1*x + a0
fitted parameters initialized with current variable values

iter      chisq       delta/lim  lambda   a2            a1            a0           
   0 1.1631804715e+11   0.00e+00  4.39e+04    1.000000e+00   1.000000e+00   1.000000e+00
   8 1.1070055188e+01  -1.81e-04  4.39e-04    1.985671e-04  -4.712777e-02   2.112500e+00

After 8 iterations the fit converged.
final sum of squares of residuals : 11.0701
rel. change during last iteration : -1.8107e-09

degrees of freedom    (FIT_NDF)                        : 17
rms of residuals      (FIT_STDFIT) = sqrt(WSSR/ndf)    : 0.806957
variance of residuals (reduced chisquare) = WSSR/ndf   : 0.65118

Final set of parameters            Asymptotic Standard Error
=======================            ==========================
a2              = 0.000198567      +/- 1.523e-05    (7.668%)
a1              = -0.0471278       +/- 0.006583     (13.97%)
a0              = 2.1125           +/- 0.6004       (28.42%)

correlation matrix of the fit parameters:
                a2     a1     a0     
a2              1.000 
a1             -0.971  1.000 
a0              0.781 -0.889  1.000 


*******************************************************************************
Sun Apr 23 18:38:48 2023


FIT:    data read from 'tiempos.dat'
        format = z
        #datapoints = 20
        residuals are weighted equally (unit weight)

function used for fitting: f(x)
	f(x) = a3*x*x*x + a2*x*x + a1*x + a0
fitted parameters initialized with current variable values

iter      chisq       delta/lim  lambda   a3            a2            a1            a0           
   0 1.3932446937e+16   0.00e+00  1.32e+07    1.000000e+00   1.000000e+00   1.000000e+00   1.000000e+00
  11 5.3258507136e-01  -2.66e-06  1.32e-04    6.108292e-07  -1.862553e-04   1.911055e-02  -4.837680e-01

After 11 iterations the fit converged.
final sum of squares of residuals : 0.532585
rel. change during last iteration : -2.66117e-11

degrees of freedom    (FIT_NDF)                        : 16
rms of residuals      (FIT_STDFIT) = sqrt(WSSR/ndf)    : 0.182446
variance of residuals (reduced chisquare) = WSSR/ndf   : 0.0332866

Final set of parameters            Asymptotic Standard Error
=======================            ==========================
a3              = 6.10829e-07      +/- 3.433e-08    (5.62%)
a2              = -0.000186255     +/- 2.19e-05     (11.76%)
a1              = 0.0191105        +/- 0.004009     (20.98%)
a0              = -0.483768        +/- 0.1993       (41.2%)

correlation matrix of the fit parameters:
                a3     a2     a1     a0     
a3              1.000 
a2             -0.988  1.000 
a1              0.929 -0.974  1.000 
a0             -0.732  0.807 -0.905  1.000 
