

*******************************************************************************
Mon Apr 10 14:02:17 2023


FIT:    data read from 'tiempos.dat'
        format = z
        #datapoints = 20
        residuals are weighted equally (unit weight)

function used for fitting: f(x)
	f(x) = a1*x*log(x) + a0*x
fitted parameters initialized with current variable values

iter      chisq       delta/lim  lambda   a1            a0           
   0 3.2244765115e+11   0.00e+00  8.18e+04    1.000000e+00   1.000000e+00
   6 1.0413079679e-03  -9.23e-03  8.18e-02    7.319442e-06  -5.948162e-05

After 6 iterations the fit converged.
final sum of squares of residuals : 0.00104131
rel. change during last iteration : -9.23418e-08

degrees of freedom    (FIT_NDF)                        : 18
rms of residuals      (FIT_STDFIT) = sqrt(WSSR/ndf)    : 0.00760595
variance of residuals (reduced chisquare) = WSSR/ndf   : 5.78504e-05

Final set of parameters            Asymptotic Standard Error
=======================            ==========================
a1              = 7.31944e-06      +/- 4.265e-07    (5.826%)
a0              = -5.94816e-05     +/- 4.094e-06    (6.883%)

correlation matrix of the fit parameters:
                a1     a0     
a1              1.000 
a0             -0.999  1.000 
