

*******************************************************************************
Sun Mar 19 13:57:11 2023


FIT:    data read from 'burbuja_1.dat' using 1:2
        format = x:z
        #datapoints = 25
        residuals are weighted equally (unit weight)

function used for fitting: f(x)
	f(x) = a2*x*x+a1*x+a0
fitted parameters initialized with current variable values

iter      chisq       delta/lim  lambda   a2            a1            a0           
   0 1.3460545246e+21   0.00e+00  4.24e+09    1.000000e+00   1.000000e+00   1.000000e+00
  13 1.3078863703e+00  -2.57e-04  4.24e-04    2.849981e-09  -2.562315e-05   2.058435e-01

After 13 iterations the fit converged.
final sum of squares of residuals : 1.30789
rel. change during last iteration : -2.56814e-09

degrees of freedom    (FIT_NDF)                        : 22
rms of residuals      (FIT_STDFIT) = sqrt(WSSR/ndf)    : 0.243822
variance of residuals (reduced chisquare) = WSSR/ndf   : 0.0594494

Final set of parameters            Asymptotic Standard Error
=======================            ==========================
a2              = 2.84998e-09      +/- 4.204e-11    (1.475%)
a1              = -2.56231e-05     +/- 5.63e-06     (21.97%)
a0              = 0.205844         +/- 0.1588       (77.16%)

correlation matrix of the fit parameters:
                a2     a1     a0     
a2              1.000 
a1             -0.971  1.000 
a0              0.774 -0.884  1.000 


*******************************************************************************
Sun Mar 19 13:59:27 2023


FIT:    data read from 'burbuja_1.dat' using 1:2
        format = x:z
        #datapoints = 25
        residuals are weighted equally (unit weight)

function used for fitting: f(x)
	f(x) = a2*x*x+a1*x+a0
fitted parameters initialized with current variable values

iter      chisq       delta/lim  lambda   a2            a1            a0           
   0 1.3460545246e+21   0.00e+00  4.24e+09    1.000000e+00   1.000000e+00   1.000000e+00
  13 1.3078863703e+00  -2.57e-04  4.24e-04    2.849981e-09  -2.562315e-05   2.058435e-01

After 13 iterations the fit converged.
final sum of squares of residuals : 1.30789
rel. change during last iteration : -2.56814e-09

degrees of freedom    (FIT_NDF)                        : 22
rms of residuals      (FIT_STDFIT) = sqrt(WSSR/ndf)    : 0.243822
variance of residuals (reduced chisquare) = WSSR/ndf   : 0.0594494

Final set of parameters            Asymptotic Standard Error
=======================            ==========================
a2              = 2.84998e-09      +/- 4.204e-11    (1.475%)
a1              = -2.56231e-05     +/- 5.63e-06     (21.97%)
a0              = 0.205844         +/- 0.1588       (77.16%)

correlation matrix of the fit parameters:
                a2     a1     a0     
a2              1.000 
a1             -0.971  1.000 
a0              0.774 -0.884  1.000 


*******************************************************************************
Sun Mar 19 14:04:46 2023


FIT:    data read from 'burbuja_1.dat' using 1:2
        format = x:z
        #datapoints = 25
        residuals are weighted equally (unit weight)

function used for fitting: f(x)
	f(x) = a2*x*x+a1*x+a0
fitted parameters initialized with current variable values

iter      chisq       delta/lim  lambda   a2            a1            a0           
   0 1.3460545246e+21   0.00e+00  4.24e+09    1.000000e+00   1.000000e+00   1.000000e+00
  13 1.3078863703e+00  -2.57e-04  4.24e-04    2.849981e-09  -2.562315e-05   2.058435e-01

After 13 iterations the fit converged.
final sum of squares of residuals : 1.30789
rel. change during last iteration : -2.56814e-09

degrees of freedom    (FIT_NDF)                        : 22
rms of residuals      (FIT_STDFIT) = sqrt(WSSR/ndf)    : 0.243822
variance of residuals (reduced chisquare) = WSSR/ndf   : 0.0594494

Final set of parameters            Asymptotic Standard Error
=======================            ==========================
a2              = 2.84998e-09      +/- 4.204e-11    (1.475%)
a1              = -2.56231e-05     +/- 5.63e-06     (21.97%)
a0              = 0.205844         +/- 0.1588       (77.16%)

correlation matrix of the fit parameters:
                a2     a1     a0     
a2              1.000 
a1             -0.971  1.000 
a0              0.774 -0.884  1.000 
