

*******************************************************************************
Mon Mar 20 09:26:43 2023


FIT:    data read from 'insercion_1.dat' using 1:2
        format = x:z
        #datapoints = 25
        residuals are weighted equally (unit weight)

function used for fitting: f(x)
	f(x) = a1*x*log(x)+a0
fitted parameters initialized with current variable values

iter      chisq       delta/lim  lambda   a1            a0           
   0 1.8035670597e+13   0.00e+00  6.01e+05    1.000000e+00   1.000000e+00
   9 6.2012852053e+01  -1.44e-04  6.01e-04    1.675321e-05  -3.686436e+00

After 9 iterations the fit converged.
final sum of squares of residuals : 62.0129
rel. change during last iteration : -1.43725e-09

degrees of freedom    (FIT_NDF)                        : 23
rms of residuals      (FIT_STDFIT) = sqrt(WSSR/ndf)    : 1.64201
variance of residuals (reduced chisquare) = WSSR/ndf   : 2.69621

Final set of parameters            Asymptotic Standard Error
=======================            ==========================
a1              = 1.67532e-05      +/- 7.613e-07    (4.544%)
a0              = -3.68644         +/- 0.6467       (17.54%)

correlation matrix of the fit parameters:
                a1     a0     
a1              1.000 
a0             -0.861  1.000 


*******************************************************************************
Mon Mar 20 09:27:54 2023


FIT:    data read from 'insercion_1.dat' using 1:2
        format = x:z
        #datapoints = 25
        residuals are weighted equally (unit weight)

function used for fitting: f(x)
	f(x) = a2*x*x+a1*x+a0
fitted parameters initialized with current variable values

iter      chisq       delta/lim  lambda   a2            a1            a0           
   0 1.3460545275e+21   0.00e+00  4.24e+09    1.000000e+00   1.000000e+00   1.000000e+00
  13 3.1050243886e+00  -1.93e-04  4.24e-04    1.477827e-09   7.188786e-06  -6.041462e-02

After 13 iterations the fit converged.
final sum of squares of residuals : 3.10502
rel. change during last iteration : -1.92874e-09

degrees of freedom    (FIT_NDF)                        : 22
rms of residuals      (FIT_STDFIT) = sqrt(WSSR/ndf)    : 0.375683
variance of residuals (reduced chisquare) = WSSR/ndf   : 0.141137

Final set of parameters            Asymptotic Standard Error
=======================            ==========================
a2              = 1.47783e-09      +/- 6.478e-11    (4.383%)
a1              = 7.18879e-06      +/- 8.675e-06    (120.7%)
a0              = -0.0604146       +/- 0.2447       (405.1%)

correlation matrix of the fit parameters:
                a2     a1     a0     
a2              1.000 
a1             -0.971  1.000 
a0              0.774 -0.884  1.000 
