

*******************************************************************************
Fri Mar 31 13:08:46 2023


FIT:    data read from 'tiempos.dat'
        format = z
        #datapoints = 20
        residuals are weighted equally (unit weight)

function used for fitting: f(x)
	f(x) = a2*x*x + a1*x + a0
fitted parameters initialized with current variable values

iter      chisq       delta/lim  lambda   a2            a1            a0           
   0 7.2275417510e+17   0.00e+00  1.10e+08    1.000000e+00   1.000000e+00   1.000000e+00
  12 1.2575395918e+00  -4.93e-09  1.10e-04    2.468764e-08  -2.070501e-05  -6.038166e-02

After 12 iterations the fit converged.
final sum of squares of residuals : 1.25754
rel. change during last iteration : -4.92632e-14

degrees of freedom    (FIT_NDF)                        : 17
rms of residuals      (FIT_STDFIT) = sqrt(WSSR/ndf)    : 0.27198
variance of residuals (reduced chisquare) = WSSR/ndf   : 0.0739729

Final set of parameters            Asymptotic Standard Error
=======================            ==========================
a2              = 2.46876e-08      +/- 2.053e-09    (8.315%)
a1              = -2.0705e-05      +/- 4.438e-05    (214.3%)
a0              = -0.0603817       +/- 0.2023       (335.1%)

correlation matrix of the fit parameters:
                a2     a1     a0     
a2              1.000 
a1             -0.971  1.000 
a0              0.781 -0.889  1.000 
